/home/fengty/miniconda3/envs/test/lib/python3.10/pickle.py:1718: UserWarning: [10:38:36] WARNING: /workspace/src/collective/../data/../common/error_msg.h:82: If you are loading a serialized model (like pickle in Python, RDS in R) or
configuration generated by an older version of XGBoost, please export the model by calling
`Booster.save_model` from that version first, then load it back in current version. See:

    https://xgboost.readthedocs.io/en/stable/tutorials/saving_model.html

for more details about differences between saving model and serializing.

  setstate(state)
==========================================================
n_gen  |  n_eval  | n_nds  |      eps      |   indicator  
==========================================================
     1 |      101 |      5 |             - |             -
     2 |      202 |      6 |  0.2566989529 |         ideal
     3 |      303 |      5 |  0.2198419073 |             f
     4 |      404 |      5 |  0.2252606146 |         ideal
     5 |      505 |      3 |  0.0176628519 |         ideal
     6 |      606 |      4 |  0.0813305454 |             f
     7 |      707 |      4 |  0.0960033873 |         ideal
     8 |      808 |      5 |  0.0210584969 |         ideal
     9 |      909 |      5 |  0.0991692429 |         ideal
    10 |     1010 |      8 |  0.0762595430 |             f
    11 |     1111 |      8 |  0.0123888428 |             f
    12 |     1212 |     10 |  0.0174982544 |             f
    13 |     1313 |     10 |  0.000000E+00 |             f
    14 |     1414 |     10 |  0.0054925819 |             f
    15 |     1515 |     10 |  0.000000E+00 |             f
    16 |     1616 |     11 |  0.0079388488 |             f
    17 |     1717 |     11 |  0.000000E+00 |             f
    18 |     1818 |     11 |  0.000000E+00 |             f
    19 |     1919 |     11 |  0.000000E+00 |             f
    20 |     2020 |     11 |  0.000000E+00 |             f
    21 |     2121 |     11 |  0.000000E+00 |             f
    22 |     2222 |     11 |  0.000000E+00 |             f
    23 |     2323 |     11 |  0.000000E+00 |             f
    24 |     2424 |      9 |  0.000000E+00 |             f
    25 |     2525 |      9 |  0.000000E+00 |             f
    26 |     2626 |      9 |  0.000000E+00 |             f
    27 |     2727 |      9 |  0.000000E+00 |             f
    28 |     2828 |      9 |  0.000000E+00 |             f
    29 |     2929 |      9 |  0.000000E+00 |             f
    30 |     3030 |      9 |  0.000000E+00 |             f
    31 |     3131 |      9 |  0.000000E+00 |             f
    32 |     3232 |      9 |  0.0127971641 |             f
    33 |     3333 |      9 |  0.000000E+00 |             f
    34 |     3434 |      9 |  0.000000E+00 |             f
    35 |     3535 |      9 |  0.000000E+00 |             f
    36 |     3636 |      9 |  0.000000E+00 |             f
    37 |     3737 |      9 |  0.000000E+00 |             f
    38 |     3838 |      9 |  0.000000E+00 |             f
    39 |     3939 |      9 |  0.000000E+00 |             f
    40 |     4040 |      9 |  0.000000E+00 |             f
    41 |     4141 |      9 |  0.000000E+00 |             f
    42 |     4242 |      9 |  0.000000E+00 |             f
    43 |     4343 |      9 |  0.000000E+00 |             f
    44 |     4444 |      9 |  0.000000E+00 |             f
    45 |     4545 |      9 |  0.000000E+00 |             f
    46 |     4646 |      9 |  0.000000E+00 |             f
    47 |     4747 |      9 |  0.000000E+00 |             f
    48 |     4848 |      9 |  0.000000E+00 |             f
    49 |     4949 |      9 |  0.000000E+00 |             f
    50 |     5050 |      9 |  0.000000E+00 |             f
    51 |     5151 |      9 |  0.000000E+00 |             f
    52 |     5252 |      9 |  0.000000E+00 |             f
    53 |     5353 |      9 |  0.000000E+00 |             f
    54 |     5454 |      9 |  0.000000E+00 |             f
    55 |     5555 |      9 |  0.000000E+00 |             f
    56 |     5656 |      9 |  0.000000E+00 |             f
    57 |     5757 |      9 |  0.000000E+00 |             f
    58 |     5858 |      9 |  0.000000E+00 |             f
    59 |     5959 |      9 |  0.000000E+00 |             f
    60 |     6060 |      9 |  0.000000E+00 |             f
    61 |     6161 |      9 |  0.000000E+00 |             f
    62 |     6262 |      9 |  0.000000E+00 |             f
    63 |     6363 |      9 |  0.000000E+00 |             f
    64 |     6464 |      9 |  0.000000E+00 |             f
    65 |     6565 |      9 |  0.000000E+00 |             f
    66 |     6666 |      9 |  0.000000E+00 |             f
    67 |     6767 |      9 |  0.000000E+00 |             f
    68 |     6868 |      9 |  0.000000E+00 |             f
    69 |     6969 |      9 |  0.000000E+00 |             f
    70 |     7070 |      9 |  0.000000E+00 |             f
    71 |     7171 |      9 |  0.000000E+00 |             f
    72 |     7272 |      9 |  0.000000E+00 |             f
    73 |     7373 |      9 |  0.000000E+00 |             f
    74 |     7474 |      9 |  0.000000E+00 |             f
    75 |     7575 |      9 |  0.000000E+00 |             f
    76 |     7676 |      9 |  0.000000E+00 |             f
    77 |     7777 |      9 |  0.000000E+00 |             f
    78 |     7878 |      9 |  0.000000E+00 |             f
    79 |     7979 |      9 |  0.000000E+00 |             f
    80 |     8080 |      9 |  0.000000E+00 |             f
    81 |     8181 |      9 |  0.000000E+00 |             f
    82 |     8282 |      9 |  0.000000E+00 |             f
    83 |     8383 |      9 |  0.000000E+00 |             f
    84 |     8484 |      9 |  0.000000E+00 |             f
    85 |     8585 |      9 |  0.000000E+00 |             f
    86 |     8686 |      9 |  0.000000E+00 |             f
    87 |     8787 |      9 |  0.000000E+00 |             f
    88 |     8888 |      9 |  0.000000E+00 |             f
    89 |     8989 |      9 |  0.000000E+00 |             f
    90 |     9090 |      9 |  0.000000E+00 |             f
    91 |     9191 |      9 |  0.000000E+00 |             f
    92 |     9292 |      9 |  0.000000E+00 |             f
    93 |     9393 |      9 |  0.000000E+00 |             f
    94 |     9494 |      9 |  0.000000E+00 |             f
    95 |     9595 |      9 |  0.000000E+00 |             f
    96 |     9696 |      9 |  0.000000E+00 |             f
    97 |     9797 |      9 |  0.000000E+00 |             f
    98 |     9898 |      9 |  0.000000E+00 |             f
    99 |     9999 |      9 |  0.000000E+00 |             f
   100 |    10100 |      9 |  0.000000E+00 |             f
最优解的目标值：
[[  47.17201996 2057.34765625]
 [  45.06868744 2280.0871582 ]
 [  44.00104523 2504.61108398]
 [  46.07960129 2244.08129883]
 [  53.17707062 1992.15332031]
 [  43.2519455  2584.91552734]
 [  49.57618332 1993.22888184]
 [  62.81056976 1936.66638184]
 [  44.31051254 2356.73608398]]
对应的决策变量：
[[ 0.57990946  0.32993969  1.79238612 28.54014895  3.00581008]
 [ 0.58358731  0.3306979   1.78331443 28.51925161  2.73827362]
 [ 0.57865468  0.33273094  1.7860313  34.42434315  2.74328485]
 [ 0.57930934  0.32782776  1.75034252 34.05095749  3.23506753]
 [ 0.57952716  0.32727655  1.79437836 26.87147403  3.16694427]
 [ 0.58052221  0.34134067  1.68162125 34.06228954  2.74000722]
 [ 0.58364379  0.34275407  1.78313459 25.44265621  3.24053861]
 [ 0.583896    0.26735504  1.97264667 26.89063315  3.06999449]
 [ 0.58354138  0.31936982  1.65234218 28.30568382  2.68245996]]
