/home/fengty/miniconda3/envs/test/lib/python3.10/pickle.py:1718: UserWarning: [10:38:09] WARNING: /workspace/src/collective/../data/../common/error_msg.h:82: If you are loading a serialized model (like pickle in Python, RDS in R) or
configuration generated by an older version of XGBoost, please export the model by calling
`Booster.save_model` from that version first, then load it back in current version. See:

    https://xgboost.readthedocs.io/en/stable/tutorials/saving_model.html

for more details about differences between saving model and serializing.

  setstate(state)
==========================================================
n_gen  |  n_eval  | n_nds  |      eps      |   indicator  
==========================================================
     1 |      101 |      3 |             - |             -
     2 |      202 |      4 |  0.3091663464 |         ideal
     3 |      303 |      4 |  0.0888950502 |             f
     4 |      404 |      3 |  0.1851577789 |         ideal
     5 |      505 |      4 |  1.8734443538 |         nadir
     6 |      606 |      5 |  0.0055061958 |         ideal
     7 |      707 |      7 |  0.0029428026 |         ideal
     8 |      808 |      7 |  0.8017732683 |         nadir
     9 |      909 |      7 |  0.0017187492 |             f
    10 |     1010 |      7 |  0.0017187492 |             f
    11 |     1111 |      8 |  0.0271555273 |             f
    12 |     1212 |      8 |  0.000000E+00 |             f
    13 |     1313 |      8 |  0.000000E+00 |             f
    14 |     1414 |      8 |  0.000000E+00 |             f
    15 |     1515 |      8 |  0.000000E+00 |             f
    16 |     1616 |      8 |  0.000000E+00 |             f
    17 |     1717 |      8 |  0.000000E+00 |             f
    18 |     1818 |      8 |  0.000000E+00 |             f
    19 |     1919 |      8 |  0.000000E+00 |             f
    20 |     2020 |      8 |  0.000000E+00 |             f
    21 |     2121 |      8 |  0.000000E+00 |             f
    22 |     2222 |      8 |  0.000000E+00 |             f
    23 |     2323 |      8 |  0.000000E+00 |             f
    24 |     2424 |      8 |  0.000000E+00 |             f
    25 |     2525 |      8 |  0.000000E+00 |             f
    26 |     2626 |      8 |  0.000000E+00 |             f
    27 |     2727 |      8 |  0.000000E+00 |             f
    28 |     2828 |      8 |  0.000000E+00 |             f
    29 |     2929 |      8 |  0.000000E+00 |             f
    30 |     3030 |      8 |  0.000000E+00 |             f
    31 |     3131 |      8 |  0.000000E+00 |             f
    32 |     3232 |      8 |  0.000000E+00 |             f
    33 |     3333 |      8 |  0.000000E+00 |             f
    34 |     3434 |      8 |  0.000000E+00 |             f
    35 |     3535 |      8 |  0.000000E+00 |             f
    36 |     3636 |      8 |  0.000000E+00 |             f
    37 |     3737 |      8 |  0.000000E+00 |             f
    38 |     3838 |      8 |  0.000000E+00 |             f
    39 |     3939 |      8 |  0.000000E+00 |             f
    40 |     4040 |      8 |  0.000000E+00 |             f
    41 |     4141 |      8 |  0.000000E+00 |             f
    42 |     4242 |      8 |  0.000000E+00 |             f
    43 |     4343 |      8 |  0.000000E+00 |             f
    44 |     4444 |      8 |  0.000000E+00 |             f
    45 |     4545 |      8 |  0.000000E+00 |             f
    46 |     4646 |      8 |  0.000000E+00 |             f
    47 |     4747 |      8 |  0.000000E+00 |             f
    48 |     4848 |      8 |  0.000000E+00 |             f
    49 |     4949 |      8 |  0.000000E+00 |             f
    50 |     5050 |      8 |  0.000000E+00 |             f
    51 |     5151 |      8 |  0.000000E+00 |             f
    52 |     5252 |      8 |  0.000000E+00 |             f
    53 |     5353 |      8 |  0.000000E+00 |             f
    54 |     5454 |      8 |  0.000000E+00 |             f
    55 |     5555 |      8 |  0.000000E+00 |             f
    56 |     5656 |      8 |  0.000000E+00 |             f
    57 |     5757 |      8 |  0.000000E+00 |             f
    58 |     5858 |      8 |  0.000000E+00 |             f
    59 |     5959 |      8 |  0.000000E+00 |             f
    60 |     6060 |      8 |  0.000000E+00 |             f
    61 |     6161 |      8 |  0.000000E+00 |             f
    62 |     6262 |      8 |  0.000000E+00 |             f
    63 |     6363 |      8 |  0.000000E+00 |             f
    64 |     6464 |      8 |  0.000000E+00 |             f
    65 |     6565 |      8 |  0.000000E+00 |             f
    66 |     6666 |      8 |  0.000000E+00 |             f
    67 |     6767 |      8 |  0.000000E+00 |             f
    68 |     6868 |      8 |  0.000000E+00 |             f
    69 |     6969 |      8 |  0.000000E+00 |             f
    70 |     7070 |      8 |  0.000000E+00 |             f
    71 |     7171 |      8 |  0.000000E+00 |             f
    72 |     7272 |      8 |  0.000000E+00 |             f
    73 |     7373 |      8 |  0.000000E+00 |             f
    74 |     7474 |      8 |  0.000000E+00 |             f
    75 |     7575 |      8 |  0.000000E+00 |             f
    76 |     7676 |      8 |  0.000000E+00 |             f
    77 |     7777 |      8 |  0.000000E+00 |             f
    78 |     7878 |      8 |  0.000000E+00 |             f
    79 |     7979 |      8 |  0.000000E+00 |             f
    80 |     8080 |      8 |  0.000000E+00 |             f
    81 |     8181 |      8 |  0.000000E+00 |             f
    82 |     8282 |      8 |  0.000000E+00 |             f
    83 |     8383 |      8 |  0.000000E+00 |             f
    84 |     8484 |      8 |  0.000000E+00 |             f
    85 |     8585 |      8 |  0.000000E+00 |             f
    86 |     8686 |      8 |  0.000000E+00 |             f
    87 |     8787 |      8 |  0.000000E+00 |             f
    88 |     8888 |      8 |  0.000000E+00 |             f
    89 |     8989 |      8 |  0.000000E+00 |             f
    90 |     9090 |      8 |  0.000000E+00 |             f
    91 |     9191 |      8 |  0.000000E+00 |             f
    92 |     9292 |      8 |  0.000000E+00 |             f
    93 |     9393 |      8 |  0.000000E+00 |             f
    94 |     9494 |      8 |  0.000000E+00 |             f
    95 |     9595 |      8 |  0.000000E+00 |             f
    96 |     9696 |      8 |  0.000000E+00 |             f
    97 |     9797 |      8 |  0.000000E+00 |             f
    98 |     9898 |      8 |  0.000000E+00 |             f
    99 |     9999 |      8 |  0.000000E+00 |             f
   100 |    10100 |      8 |  0.000000E+00 |             f
最优解的目标值：
[[4.24806250e+03 5.04591751e+01]
 [4.89306592e+03 1.88818201e-01]
 [5.46228369e+03 2.80834013e-03]
 [4.59104443e+03 6.28182530e-01]
 [4.62756787e+03 5.22640109e-01]
 [4.42849463e+03 3.72128677e+01]
 [4.16805225e+03 6.08154144e+01]
 [4.50785205e+03 1.05232105e+01]]
对应的决策变量：
[[ 0.20096625  0.46587589  4.97335932 46.49863876  1.23517266  5.07446802]
 [ 0.31900123  0.46332095  4.99818916 55.44380881  1.21068325  5.7896262 ]
 [ 0.30280846  0.46362555  4.9740606  49.08749076  0.96649185  5.68594452]
 [ 0.28885252  0.49534123  4.97356036 46.60264201  1.06254852  5.56959159]
 [ 0.29678124  0.44094264  4.95046886 49.10355229  1.14557916  5.24924038]
 [ 0.24321041  0.43608229  4.9737207  57.53356784  1.17939525  5.64459807]
 [ 0.20493286  0.45905013  4.98658468 58.71927555  1.24732911  5.82190493]
 [ 0.29354945  0.49707922  4.97384179 54.77492841  1.23188865  5.66902864]]
