/home/fengty/miniconda3/envs/test/lib/python3.10/pickle.py:1718: UserWarning: [10:30:52] WARNING: /workspace/src/collective/../data/../common/error_msg.h:82: If you are loading a serialized model (like pickle in Python, RDS in R) or
configuration generated by an older version of XGBoost, please export the model by calling
`Booster.save_model` from that version first, then load it back in current version. See:

    https://xgboost.readthedocs.io/en/stable/tutorials/saving_model.html

for more details about differences between saving model and serializing.

  setstate(state)
/home/fengty/moo/Ai/MooBusiness.py:64: UserWarning: To copy construct from a tensor, it is recommended to use sourceTensor.clone().detach() or sourceTensor.clone().detach().requires_grad_(True), rather than torch.tensor(sourceTensor).
  fe = torch.tensor(fe).to(self.device)
select device GPU
==========================================================
n_gen  |  n_eval  | n_nds  |      eps      |   indicator  
==========================================================
     1 |      101 |      1 |             - |             -
     2 |      202 |      1 |  1.8136138916 |         ideal
     3 |      303 |      1 |  5.9221649170 |         ideal
     4 |      404 |      1 |  1.129190E+01 |         ideal
     5 |      505 |      1 |  0.000000E+00 |             f
     6 |      606 |      1 |  5.8693084717 |         ideal
     7 |      707 |      1 |  6.2963409424 |         ideal
     8 |      808 |      1 |  3.3644104004 |         ideal
     9 |      909 |      1 |  2.6698608398 |         ideal
    10 |     1010 |      1 |  5.7050018311 |         ideal
    11 |     1111 |      1 |  2.7584228516 |         ideal
    12 |     1212 |      1 |  1.9239044189 |         ideal
    13 |     1313 |      1 |  3.3073425293 |         ideal
    14 |     1414 |      1 |  5.0244140625 |         ideal
    15 |     1515 |      1 |  0.7587127686 |         ideal
    16 |     1616 |      1 |  0.000000E+00 |             f
    17 |     1717 |      1 |  1.8528289795 |         ideal
    18 |     1818 |      1 |  0.2125396729 |         ideal
    19 |     1919 |      1 |  1.6126861572 |         ideal
    20 |     2020 |      1 |  0.0028839111 |         ideal
    21 |     2121 |      1 |  2.0685577393 |         ideal
    22 |     2222 |      1 |  1.6348724365 |         ideal
    23 |     2323 |      1 |  1.4762420654 |         ideal
    24 |     2424 |      1 |  0.000000E+00 |             f
    25 |     2525 |      1 |  0.000000E+00 |             f
    26 |     2626 |      1 |  0.000000E+00 |             f
    27 |     2727 |      1 |  0.6437988281 |         ideal
    28 |     2828 |      1 |  0.000000E+00 |             f
    29 |     2929 |      1 |  1.8184509277 |         ideal
    30 |     3030 |      1 |  0.000000E+00 |             f
    31 |     3131 |      1 |  0.000000E+00 |             f
    32 |     3232 |      1 |  0.1815490723 |         ideal
    33 |     3333 |      1 |  0.6139678955 |         ideal
    34 |     3434 |      1 |  0.1996612549 |         ideal
    35 |     3535 |      1 |  0.6718597412 |         ideal
    36 |     3636 |      1 |  0.0795440674 |         ideal
    37 |     3737 |      1 |  0.3454589844 |         ideal
    38 |     3838 |      1 |  0.2046051025 |         ideal
    39 |     3939 |      1 |  0.2492065430 |         ideal
    40 |     4040 |      1 |  0.2935028076 |         ideal
    41 |     4141 |      1 |  0.1267242432 |         ideal
    42 |     4242 |      1 |  0.2473144531 |         ideal
    43 |     4343 |      1 |  0.2772064209 |         ideal
    44 |     4444 |      1 |  0.1118621826 |         ideal
    45 |     4545 |      1 |  0.0439758301 |         ideal
    46 |     4646 |      1 |  0.000000E+00 |             f
    47 |     4747 |      1 |  0.2083435059 |         ideal
    48 |     4848 |      1 |  0.1094512939 |         ideal
    49 |     4949 |      1 |  0.1085205078 |         ideal
    50 |     5050 |      1 |  0.0258331299 |         ideal
    51 |     5151 |      1 |  0.2339935303 |         ideal
    52 |     5252 |      1 |  0.1759796143 |         ideal
    53 |     5353 |      1 |  0.0741119385 |         ideal
    54 |     5454 |      1 |  0.1335144043 |         ideal
    55 |     5555 |      1 |  0.4516143799 |         ideal
    56 |     5656 |      1 |  0.0121765137 |         ideal
    57 |     5757 |      1 |  0.1427764893 |         ideal
    58 |     5858 |      1 |  0.0154418945 |         ideal
    59 |     5959 |      1 |  0.0824584961 |         ideal
    60 |     6060 |      1 |  0.000000E+00 |             f
    61 |     6161 |      1 |  0.0663909912 |         ideal
    62 |     6262 |      1 |  0.1233673096 |         ideal
    63 |     6363 |      1 |  0.1117401123 |         ideal
    64 |     6464 |      1 |  0.0608062744 |         ideal
    65 |     6565 |      1 |  0.000000E+00 |             f
    66 |     6666 |      1 |  0.1314544678 |         ideal
    67 |     6767 |      1 |  0.0064239502 |         ideal
    68 |     6868 |      1 |  0.0313262939 |         ideal
    69 |     6969 |      1 |  0.0744781494 |         ideal
    70 |     7070 |      1 |  0.0439605713 |         ideal
    71 |     7171 |      1 |  0.0458374023 |         ideal
    72 |     7272 |      1 |  0.0220184326 |         ideal
    73 |     7373 |      1 |  0.0964660645 |         ideal
    74 |     7474 |      1 |  0.0201416016 |         ideal
    75 |     7575 |      1 |  0.0799407959 |         ideal
    76 |     7676 |      1 |  0.000000E+00 |             f
    77 |     7777 |      1 |  0.0081939697 |         ideal
    78 |     7878 |      1 |  0.0334625244 |         ideal
    79 |     7979 |      1 |  0.0402526855 |         ideal
    80 |     8080 |      1 |  0.0438079834 |         ideal
    81 |     8181 |      1 |  0.0111541748 |         ideal
    82 |     8282 |      1 |  0.0251464844 |         ideal
    83 |     8383 |      1 |  0.0022735596 |             f
    84 |     8484 |      1 |  0.0300903320 |         ideal
    85 |     8585 |      1 |  0.0669708252 |         ideal
    86 |     8686 |      1 |  0.000000E+00 |             f
    87 |     8787 |      1 |  0.0030517578 |         ideal
    88 |     8888 |      1 |  0.0199279785 |         ideal
    89 |     8989 |      1 |  0.0315551758 |         ideal
    90 |     9090 |      1 |  0.0142974854 |         ideal
    91 |     9191 |      1 |  0.0126190186 |         ideal
    92 |     9292 |      1 |  0.0214843750 |         ideal
    93 |     9393 |      1 |  0.0211944580 |         ideal
    94 |     9494 |      1 |  0.0311584473 |         ideal
    95 |     9595 |      1 |  0.000000E+00 |             f
    96 |     9696 |      1 |  0.0308532715 |         ideal
    97 |     9797 |      1 |  0.0016632080 |             f
    98 |     9898 |      1 |  0.0118255615 |         ideal
    99 |     9999 |      1 |  0.0008850098 |             f
   100 |    10100 |      1 |  0.0417785645 |         ideal
   101 |    10201 |      1 |  0.000000E+00 |             f
   102 |    10302 |      1 |  0.0003051758 |             f
   103 |    10403 |      1 |  0.0127105713 |         ideal
   104 |    10504 |      1 |  0.0021667480 |             f
   105 |    10605 |      1 |  0.0084838867 |         ideal
   106 |    10706 |      1 |  0.0312347412 |         ideal
   107 |    10807 |      1 |  0.000000E+00 |             f
   108 |    10908 |      1 |  0.0007781982 |             f
   109 |    11009 |      1 |  0.0007781982 |             f
   110 |    11110 |      1 |  0.0180206299 |         ideal
   111 |    11211 |      1 |  0.0031585693 |         ideal
   112 |    11312 |      1 |  0.000000E+00 |             f
   113 |    11413 |      1 |  0.0127105713 |         ideal
   114 |    11514 |      1 |  0.0200042725 |         ideal
   115 |    11615 |      1 |  0.000000E+00 |             f
   116 |    11716 |      1 |  0.000000E+00 |             f
   117 |    11817 |      1 |  0.0226593018 |         ideal
   118 |    11918 |      1 |  0.000000E+00 |             f
   119 |    12019 |      1 |  0.000000E+00 |             f
   120 |    12120 |      1 |  0.0028533936 |         ideal
   121 |    12221 |      1 |  0.0039367676 |         ideal
   122 |    12322 |      1 |  0.000000E+00 |             f
   123 |    12423 |      1 |  0.0087738037 |         ideal
   124 |    12524 |      1 |  0.0038299561 |         ideal
   125 |    12625 |      1 |  0.0027618408 |         ideal
   126 |    12726 |      1 |  0.0016784668 |             f
   127 |    12827 |      1 |  0.0016784668 |             f
   128 |    12928 |      1 |  0.0017700195 |             f
   129 |    13029 |      1 |  0.0039367676 |         ideal
   130 |    13130 |      1 |  0.0044403076 |         ideal
   131 |    13231 |      1 |  0.0004882812 |             f
   132 |    13332 |      1 |  0.0010833740 |             f
   133 |    13433 |      1 |  0.0047302246 |         ideal
   134 |    13534 |      1 |  0.0010833740 |             f
   135 |    13635 |      1 |  0.0065917969 |         ideal
   136 |    13736 |      1 |  0.000000E+00 |             f
   137 |    13837 |      1 |  0.000000E+00 |             f
   138 |    13938 |      1 |  0.0008850098 |             f
   139 |    14039 |      1 |  0.0042419434 |         ideal
   140 |    14140 |      1 |  0.000000E+00 |             f
   141 |    14241 |      1 |  0.000000E+00 |             f
   142 |    14342 |      1 |  0.0002899170 |             f
   143 |    14443 |      1 |  0.0015716553 |             f
   144 |    14544 |      1 |  0.0051116943 |         ideal
   145 |    14645 |      1 |  0.0007934570 |             f
   146 |    14746 |      1 |  0.0007934570 |             f
   147 |    14847 |      1 |  0.0028686523 |         ideal
   148 |    14948 |      1 |  0.0008850098 |             f
   149 |    15049 |      1 |  0.0013732910 |             f
   150 |    15150 |      1 |  0.0018615723 |             f
   151 |    15251 |      1 |  0.0035400391 |         ideal
   152 |    15352 |      1 |  0.0014801025 |             f
   153 |    15453 |      1 |  0.0014801025 |             f
   154 |    15554 |      1 |  0.0014801025 |             f
   155 |    15655 |      1 |  0.0014801025 |             f
   156 |    15756 |      1 |  0.0014801025 |             f
   157 |    15857 |      1 |  0.0021667480 |             f
   158 |    15958 |      1 |  0.0024566650 |             f
   159 |    16059 |      1 |  0.0030517578 |         ideal
   160 |    16160 |      1 |  0.0002899170 |             f
   161 |    16261 |      1 |  0.0002899170 |             f
   162 |    16362 |      1 |  0.0019683838 |             f
   163 |    16463 |      1 |  0.0019683838 |             f
   164 |    16564 |      1 |  0.0019683838 |             f
   165 |    16665 |      1 |  0.0026550293 |         ideal
   166 |    16766 |      1 |  0.0012817383 |             f
   167 |    16867 |      1 |  0.0012817383 |             f
   168 |    16968 |      1 |  0.0015869141 |             f
   169 |    17069 |      1 |  0.0015869141 |             f
   170 |    17170 |      1 |  0.0022735596 |             f
   171 |    17271 |      1 |  0.0022735596 |             f
   172 |    17372 |      1 |  0.0024719238 |             f
   173 |    17473 |      1 |  0.0029602051 |         ideal
   174 |    17574 |      1 |  0.000000E+00 |             f
   175 |    17675 |      1 |  0.0002899170 |             f
   176 |    17776 |      1 |  0.0002899170 |             f
   177 |    17877 |      1 |  0.0002899170 |             f
   178 |    17978 |      1 |  0.0004882812 |             f
   179 |    18079 |      1 |  0.0009918213 |             f
   180 |    18180 |      1 |  0.0009918213 |             f
   181 |    18281 |      1 |  0.0012817383 |             f
   182 |    18382 |      1 |  0.0012817383 |             f
   183 |    18483 |      1 |  0.0013732910 |             f
   184 |    18584 |      1 |  0.0013732910 |             f
   185 |    18685 |      1 |  0.0015716553 |             f
   186 |    18786 |      1 |  0.0015716553 |             f
   187 |    18887 |      1 |  0.0015716553 |             f
   188 |    18988 |      1 |  0.0017700195 |             f
   189 |    19089 |      1 |  0.0019683838 |             f
   190 |    19190 |      1 |  0.0019683838 |             f
   191 |    19291 |      1 |  0.0019683838 |             f
   192 |    19392 |      1 |  0.0023651123 |             f
   193 |    19493 |      1 |  0.0023651123 |             f
   194 |    19594 |      1 |  0.0023651123 |             f
   195 |    19695 |      1 |  0.0023651123 |             f
   196 |    19796 |      1 |  0.0023651123 |             f
   197 |    19897 |      1 |  0.0023651123 |             f
   198 |    19998 |      1 |  0.0024566650 |             f
   199 |    20099 |      1 |  0.0024566650 |             f
   200 |    20200 |      1 |  0.0024566650 |             f
   201 |    20301 |      1 |  0.0024566650 |             f
   202 |    20402 |      1 |  0.0024566650 |             f
   203 |    20503 |      1 |  0.0026550293 |         ideal
   204 |    20604 |      1 |  0.000000E+00 |             f
   205 |    20705 |      1 |  0.000000E+00 |             f
   206 |    20806 |      1 |  0.000000E+00 |             f
   207 |    20907 |      1 |  0.000000E+00 |             f
   208 |    21008 |      1 |  0.000000E+00 |             f
   209 |    21109 |      1 |  0.000000E+00 |             f
   210 |    21210 |      1 |  0.000000E+00 |             f
   211 |    21311 |      1 |  0.0001983643 |             f
   212 |    21412 |      1 |  0.0001983643 |             f
   213 |    21513 |      1 |  0.0001983643 |             f
   214 |    21614 |      1 |  0.0001983643 |             f
   215 |    21715 |      1 |  0.0001983643 |             f
   216 |    21816 |      1 |  0.0003051758 |             f
   217 |    21917 |      1 |  0.0003967285 |             f
   218 |    22018 |      1 |  0.0003967285 |             f
   219 |    22119 |      1 |  0.0003967285 |             f
   220 |    22220 |      1 |  0.0003967285 |             f
   221 |    22321 |      1 |  0.0003967285 |             f
   222 |    22422 |      1 |  0.0003967285 |             f
   223 |    22523 |      1 |  0.0003967285 |             f
   224 |    22624 |      1 |  0.0003967285 |             f
   225 |    22725 |      1 |  0.0003967285 |             f
   226 |    22826 |      1 |  0.0003967285 |             f
   227 |    22927 |      1 |  0.0003967285 |             f
   228 |    23028 |      1 |  0.0003967285 |             f
   229 |    23129 |      1 |  0.0003967285 |             f
   230 |    23230 |      1 |  0.0003967285 |             f
   231 |    23331 |      1 |  0.0005035400 |             f
   232 |    23432 |      1 |  0.0005035400 |             f
   233 |    23533 |      1 |  0.0005035400 |             f
   234 |    23634 |      1 |  0.0005950928 |             f
   235 |    23735 |      1 |  0.0006866455 |             f
   236 |    23836 |      1 |  0.0006866455 |             f
   237 |    23937 |      1 |  0.0006866455 |             f
   238 |    24038 |      1 |  0.0006866455 |             f
   239 |    24139 |      1 |  0.0006866455 |             f
   240 |    24240 |      1 |  0.0006866455 |             f
   241 |    24341 |      1 |  0.0007934570 |             f
   242 |    24442 |      1 |  0.0007934570 |             f
   243 |    24543 |      1 |  0.0007934570 |             f
   244 |    24644 |      1 |  0.0007934570 |             f
   245 |    24745 |      1 |  0.0007934570 |             f
   246 |    24846 |      1 |  0.0007934570 |             f
   247 |    24947 |      1 |  0.0007934570 |             f
   248 |    25048 |      1 |  0.0007934570 |             f
   249 |    25149 |      1 |  0.0008850098 |             f
   250 |    25250 |      1 |  0.0008850098 |             f
   251 |    25351 |      1 |  0.0008850098 |             f
   252 |    25452 |      1 |  0.0008850098 |             f
   253 |    25553 |      1 |  0.0008850098 |             f
   254 |    25654 |      1 |  0.0008850098 |             f
   255 |    25755 |      1 |  0.0008850098 |             f
   256 |    25856 |      1 |  0.0008850098 |             f
   257 |    25957 |      1 |  0.0008850098 |             f
   258 |    26058 |      1 |  0.0008850098 |             f
   259 |    26159 |      1 |  0.0008850098 |             f
   260 |    26260 |      1 |  0.0008850098 |             f
   261 |    26361 |      1 |  0.0008850098 |             f
   262 |    26462 |      1 |  0.0008850098 |             f
   263 |    26563 |      1 |  0.0008850098 |             f
   264 |    26664 |      1 |  0.0009918213 |             f
   265 |    26765 |      1 |  0.0009918213 |             f
   266 |    26866 |      1 |  0.0009918213 |             f
   267 |    26967 |      1 |  0.0009918213 |             f
   268 |    27068 |      1 |  0.0009918213 |             f
   269 |    27169 |      1 |  0.0009918213 |             f
   270 |    27270 |      1 |  0.0009918213 |             f
   271 |    27371 |      1 |  0.0009918213 |             f
   272 |    27472 |      1 |  0.0009918213 |             f
   273 |    27573 |      1 |  0.0009918213 |             f
   274 |    27674 |      1 |  0.0009918213 |             f
   275 |    27775 |      1 |  0.0009918213 |             f
   276 |    27876 |      1 |  0.0009918213 |             f
   277 |    27977 |      1 |  0.0009918213 |             f
   278 |    28078 |      1 |  0.0009918213 |             f
   279 |    28179 |      1 |  0.0009918213 |             f
   280 |    28280 |      1 |  0.0009918213 |             f
   281 |    28381 |      1 |  0.0009918213 |             f
   282 |    28482 |      1 |  0.0009918213 |             f
   283 |    28583 |      1 |  0.0009918213 |             f
   284 |    28684 |      1 |  0.0009918213 |             f
   285 |    28785 |      1 |  0.0009918213 |             f
   286 |    28886 |      1 |  0.0009918213 |             f
   287 |    28987 |      1 |  0.0009918213 |             f
   288 |    29088 |      1 |  0.0009918213 |             f
   289 |    29189 |      1 |  0.0009918213 |             f
   290 |    29290 |      1 |  0.0009918213 |             f
   291 |    29391 |      1 |  0.0009918213 |             f
   292 |    29492 |      1 |  0.0009918213 |             f
   293 |    29593 |      1 |  0.0009918213 |             f
   294 |    29694 |      1 |  0.0009918213 |             f
   295 |    29795 |      1 |  0.0009918213 |             f
   296 |    29896 |      1 |  0.0009918213 |             f
   297 |    29997 |      1 |  0.0009918213 |             f
   298 |    30098 |      1 |  0.0009918213 |             f
   299 |    30199 |      1 |  0.0009918213 |             f
   300 |    30300 |      1 |  0.0009918213 |             f
最优解的目标值：
[[ 14.         166.64337158]]
对应的决策变量：
[[4.99996849e-02 6.99802050e-01 4.98499130e-02 1.49986866e-01
  5.00018304e-02 7.99999949e-01 8.49998418e-01 2.00008937e-01
  8.00000099e+01 1.74666573e-04 3.99999943e+02 8.00000200e+01
  1.20000088e+01 2.99999985e+02 8.00000049e+01 1.00000484e+01
  5.00000719e+00 2.00000028e+00 6.00004607e-01 7.99998085e+00
  8.00000147e+01 1.24999087e+00 4.99989708e+00 1.66999932e+00
  2.49842282e+00 3.40000395e+00]]
