/home/fengty/miniconda3/envs/test/lib/python3.10/pickle.py:1718: UserWarning: [10:30:52] WARNING: /workspace/src/collective/../data/../common/error_msg.h:82: If you are loading a serialized model (like pickle in Python, RDS in R) or
configuration generated by an older version of XGBoost, please export the model by calling
`Booster.save_model` from that version first, then load it back in current version. See:

    https://xgboost.readthedocs.io/en/stable/tutorials/saving_model.html

for more details about differences between saving model and serializing.

  setstate(state)
/home/fengty/moo/Ai/MooResident.py:63: UserWarning: To copy construct from a tensor, it is recommended to use sourceTensor.clone().detach() or sourceTensor.clone().detach().requires_grad_(True), rather than torch.tensor(sourceTensor).
  fe = torch.tensor(fe).to(self.device)
select device GPU
==========================================================
n_gen  |  n_eval  | n_nds  |      eps      |   indicator  
==========================================================
     1 |      101 |      3 |             - |             -
     2 |      202 |      5 |  0.2290632096 |         ideal
     3 |      303 |      6 |  0.0508981463 |         ideal
     4 |      404 |      5 |  0.2934961281 |         ideal
     5 |      505 |      5 |  0.0707164179 |         ideal
     6 |      606 |      7 |  0.0649472264 |             f
     7 |      707 |      5 |  0.0102906652 |         ideal
     8 |      808 |      7 |  0.1298745780 |         ideal
     9 |      909 |      7 |  0.0263485221 |         ideal
    10 |     1010 |      6 |  0.0852232297 |         ideal
    11 |     1111 |      8 |  0.1020158774 |         ideal
    12 |     1212 |      8 |  0.2985352080 |         nadir
    13 |     1313 |     12 |  0.0330976592 |         ideal
    14 |     1414 |     11 |  0.0617905817 |         ideal
    15 |     1515 |     10 |  0.0067750815 |         ideal
    16 |     1616 |     12 |  0.0331819151 |         ideal
    17 |     1717 |     18 |  0.0553438539 |         ideal
    18 |     1818 |     13 |  0.0407752379 |             f
    19 |     1919 |     15 |  0.0171706459 |         ideal
    20 |     2020 |     25 |  0.0239147690 |         ideal
    21 |     2121 |     22 |  0.0142947268 |             f
    22 |     2222 |     22 |  0.0105831576 |         ideal
    23 |     2323 |     25 |  0.0190247406 |             f
    24 |     2424 |     18 |  0.0069819856 |         ideal
    25 |     2525 |     21 |  0.0155169964 |             f
    26 |     2626 |     13 |  0.0044767408 |         ideal
    27 |     2727 |     23 |  0.0037264960 |         ideal
    28 |     2828 |     21 |  0.0115602792 |             f
    29 |     2929 |     19 |  0.0372955269 |             f
    30 |     3030 |     15 |  0.0089833036 |         ideal
    31 |     3131 |     22 |  0.0039535439 |         ideal
    32 |     3232 |     23 |  0.0136429014 |             f
    33 |     3333 |     26 |  0.0089633055 |         ideal
    34 |     3434 |     29 |  0.0145965789 |             f
    35 |     3535 |     28 |  0.0151894811 |             f
    36 |     3636 |     33 |  0.0028915847 |         nadir
    37 |     3737 |     33 |  0.0081300195 |         ideal
    38 |     3838 |     31 |  0.0033152056 |         ideal
    39 |     3939 |     33 |  0.0125781343 |             f
    40 |     4040 |     33 |  0.0026264303 |         nadir
    41 |     4141 |     29 |  0.0129694831 |             f
    42 |     4242 |     30 |  0.0078228833 |             f
    43 |     4343 |     30 |  0.0065477932 |         ideal
    44 |     4444 |     29 |  0.0071325432 |             f
    45 |     4545 |     37 |  0.0282662796 |         ideal
    46 |     4646 |     42 |  0.0160758317 |         ideal
    47 |     4747 |     44 |  0.0065602977 |             f
    48 |     4848 |     40 |  0.0056181086 |         ideal
    49 |     4949 |     36 |  0.0100714080 |             f
    50 |     5050 |     46 |  0.0082339522 |             f
    51 |     5151 |     46 |  0.0066798927 |             f
    52 |     5252 |     43 |  0.0034290836 |         ideal
    53 |     5353 |     40 |  0.0089307801 |             f
    54 |     5454 |     43 |  0.0078394039 |         ideal
    55 |     5555 |     48 |  0.0048963003 |             f
    56 |     5656 |     52 |  0.0087804867 |             f
    57 |     5757 |     51 |  0.0066028894 |         ideal
    58 |     5858 |     59 |  0.0069547828 |             f
    59 |     5959 |     67 |  0.0040122080 |             f
    60 |     6060 |     68 |  0.0045768830 |         ideal
    61 |     6161 |     50 |  0.0020988439 |             f
    62 |     6262 |     66 |  0.0045711306 |             f
    63 |     6363 |     68 |  0.0034960761 |             f
    64 |     6464 |     74 |  0.0242803746 |         nadir
    65 |     6565 |     57 |  0.0011350217 |             f
    66 |     6666 |     74 |  0.0038954604 |             f
    67 |     6767 |     76 |  0.0049627792 |         ideal
    68 |     6868 |     74 |  0.0010225238 |             f
    69 |     6969 |     78 |  0.0076594474 |         ideal
    70 |     7070 |     78 |  0.0016825439 |             f
    71 |     7171 |     77 |  0.0031101825 |             f
    72 |     7272 |     76 |  0.0027410486 |         nadir
    73 |     7373 |     74 |  0.0017288147 |             f
    74 |     7474 |     73 |  0.0031684142 |             f
    75 |     7575 |     70 |  0.0042277260 |         ideal
    76 |     7676 |     75 |  0.0047224186 |         ideal
    77 |     7777 |     76 |  0.0079454525 |         nadir
    78 |     7878 |     79 |  0.0012363828 |             f
    79 |     7979 |     81 |  0.0028051482 |             f
    80 |     8080 |     80 |  0.0013485845 |             f
    81 |     8181 |     78 |  0.0022377283 |             f
    82 |     8282 |     77 |  0.0027383191 |             f
    83 |     8383 |     81 |  0.0013245904 |             f
    84 |     8484 |     83 |  0.0024007757 |             f
    85 |     8585 |     85 |  0.0056691709 |         nadir
    86 |     8686 |     87 |  0.0118825369 |         ideal
    87 |     8787 |     91 |  0.0012778632 |             f
    88 |     8888 |     89 |  0.0026918818 |         ideal
    89 |     8989 |     89 |  0.0008301783 |             f
    90 |     9090 |     82 |  0.0168679012 |         nadir
    91 |     9191 |     90 |  0.0055957749 |         ideal
    92 |     9292 |     87 |  0.0006867057 |             f
    93 |     9393 |     83 |  0.0109840653 |         nadir
    94 |     9494 |     85 |  0.0009103583 |             f
    95 |     9595 |     89 |  0.0015376821 |             f
    96 |     9696 |     90 |  0.0021693605 |             f
    97 |     9797 |     92 |  0.0031284445 |             f
    98 |     9898 |     88 |  0.0021301064 |             f
    99 |     9999 |     84 |  0.0026185515 |             f
   100 |    10100 |     84 |  0.0056326767 |         ideal
   101 |    10201 |     85 |  0.0008545835 |             f
   102 |    10302 |     85 |  0.0015685883 |             f
   103 |    10403 |     86 |  0.0052336266 |         nadir
   104 |    10504 |     86 |  0.0071168581 |         nadir
   105 |    10605 |     82 |  0.0067818826 |         ideal
   106 |    10706 |     83 |  0.0012186074 |             f
   107 |    10807 |     85 |  0.0016953206 |             f
   108 |    10908 |     88 |  0.0022091579 |             f
   109 |    11009 |     91 |  0.0032558895 |             f
   110 |    11110 |     91 |  0.0009252869 |             f
   111 |    11211 |     89 |  0.0013874521 |             f
   112 |    11312 |     92 |  0.0022176455 |             f
   113 |    11413 |     93 |  0.0026133080 |             f
   114 |    11514 |     93 |  0.0007530664 |             f
   115 |    11615 |     92 |  0.0010590668 |             f
   116 |    11716 |     92 |  0.0014183573 |             f
   117 |    11817 |     93 |  0.0020718791 |             f
   118 |    11918 |     94 |  0.0022701342 |             f
   119 |    12019 |     93 |  0.0029637009 |             f
   120 |    12120 |     93 |  0.0004407820 |             f
   121 |    12221 |     93 |  0.0007892727 |             f
   122 |    12322 |     93 |  0.0012252298 |             f
   123 |    12423 |     95 |  0.0118169489 |         nadir
   124 |    12524 |     87 |  0.0149100536 |         nadir
   125 |    12625 |     89 |  0.0007107819 |             f
   126 |    12726 |     90 |  0.0011284613 |             f
   127 |    12827 |     91 |  0.0017912432 |             f
   128 |    12928 |     91 |  0.0020833847 |             f
   129 |    13029 |     90 |  0.0062049661 |         nadir
   130 |    13130 |     93 |  0.0011608501 |             f
   131 |    13231 |     82 |  0.0163503061 |         nadir
   132 |    13332 |     89 |  0.0010168775 |             f
   133 |    13433 |     84 |  0.0019874759 |             f
   134 |    13534 |     84 |  0.0025305584 |             f
   135 |    13635 |     87 |  0.0009102009 |             f
   136 |    13736 |     89 |  0.0016305378 |             f
   137 |    13837 |     92 |  0.0021735420 |             f
   138 |    13938 |     92 |  0.0024211915 |             f
   139 |    14039 |     93 |  0.0029090000 |             f
   140 |    14140 |     92 |  0.0009369605 |             f
   141 |    14241 |     93 |  0.0068540607 |         nadir
   142 |    14342 |     93 |  0.0009244575 |             f
   143 |    14443 |     87 |  0.0036290557 |         ideal
   144 |    14544 |     88 |  0.0008497398 |             f
   145 |    14645 |     83 |  0.0019230776 |             f
   146 |    14746 |     84 |  0.0163793971 |         nadir
   147 |    14847 |     89 |  0.0012832799 |             f
   148 |    14948 |     89 |  0.0036805023 |         nadir
   149 |    15049 |     91 |  0.0004030943 |             f
   150 |    15150 |     90 |  0.0007881728 |             f
   151 |    15251 |     91 |  0.0011894652 |             f
   152 |    15352 |     90 |  0.0015266578 |             f
   153 |    15453 |     90 |  0.0017744717 |             f
   154 |    15554 |     87 |  0.0080633350 |         ideal
   155 |    15655 |     89 |  0.0004452707 |             f
   156 |    15756 |     84 |  0.0038039853 |         ideal
   157 |    15857 |     89 |  0.0012000629 |             f
   158 |    15958 |     92 |  0.0020985935 |             f
   159 |    16059 |     86 |  0.0097765804 |         nadir
   160 |    16160 |     86 |  0.0005002905 |             f
   161 |    16261 |     90 |  0.0012671877 |             f
   162 |    16362 |     90 |  0.0016315716 |             f
   163 |    16463 |     92 |  0.0020671529 |             f
   164 |    16564 |     92 |  0.0389089955 |         nadir
   165 |    16665 |     87 |  0.0007039751 |             f
   166 |    16766 |     91 |  0.0011544479 |             f
   167 |    16867 |     94 |  0.0026280307 |         nadir
   168 |    16968 |     95 |  0.0006030315 |             f
   169 |    17069 |     95 |  0.0007625294 |             f
   170 |    17170 |     90 |  0.0032532863 |         nadir
   171 |    17271 |     94 |  0.0006047810 |             f
   172 |    17372 |     93 |  0.0010362934 |             f
   173 |    17473 |     93 |  0.0014046302 |             f
   174 |    17574 |     93 |  0.0020547733 |             f
   175 |    17675 |     93 |  0.0021336391 |             f
   176 |    17776 |     94 |  0.0024256613 |             f
   177 |    17877 |     93 |  0.0025561964 |             f
   178 |    17978 |     94 |  0.0002876314 |             f
   179 |    18079 |     95 |  0.0006899255 |             f
   180 |    18180 |     95 |  0.0009435998 |             f
   181 |    18281 |     95 |  0.0011576316 |             f
   182 |    18382 |     96 |  0.0013195572 |             f
   183 |    18483 |     96 |  0.0014001918 |             f
   184 |    18584 |     96 |  0.0015301987 |             f
   185 |    18685 |     96 |  0.0017430388 |             f
   186 |    18786 |     96 |  0.0019374434 |             f
   187 |    18887 |     96 |  0.0021298064 |             f
   188 |    18988 |     96 |  0.0022339684 |             f
   189 |    19089 |     95 |  0.0024685760 |             f
   190 |    19190 |     91 |  0.0091929770 |         nadir
   191 |    19291 |     93 |  0.0010033795 |             f
   192 |    19392 |     95 |  0.0013547389 |             f
   193 |    19493 |     94 |  0.0015371334 |             f
   194 |    19594 |     94 |  0.0017949212 |             f
   195 |    19695 |     95 |  0.0020978255 |             f
   196 |    19796 |     95 |  0.0025362734 |             f
   197 |    19897 |     95 |  0.0003056684 |             f
   198 |    19998 |     95 |  0.0004981028 |             f
   199 |    20099 |     95 |  0.0008703157 |             f
   200 |    20200 |     95 |  0.0009459141 |             f
   201 |    20301 |     96 |  0.0011336192 |             f
   202 |    20402 |     96 |  0.0012777776 |             f
   203 |    20503 |     96 |  0.0013312508 |             f
   204 |    20604 |     96 |  0.0014077797 |             f
   205 |    20705 |     97 |  0.0015309077 |             f
   206 |    20806 |     97 |  0.0016534476 |             f
   207 |    20907 |     97 |  0.0016646378 |             f
   208 |    21008 |     97 |  0.0017006197 |             f
   209 |    21109 |     89 |  0.0160984824 |         nadir
   210 |    21210 |     90 |  0.0008765218 |             f
   211 |    21311 |     90 |  0.0015000331 |             f
   212 |    21412 |     91 |  0.0017171290 |             f
   213 |    21513 |     91 |  0.0021270035 |             f
   214 |    21614 |     93 |  0.0026206818 |             f
   215 |    21715 |     94 |  0.0004636383 |             f
   216 |    21816 |     94 |  0.0006853382 |             f
   217 |    21917 |     93 |  0.0009930613 |             f
   218 |    22018 |     93 |  0.0013248124 |             f
   219 |    22119 |     92 |  0.0017510581 |             f
   220 |    22220 |     92 |  0.0018631905 |             f
   221 |    22321 |     93 |  0.0021980894 |             f
   222 |    22422 |     92 |  0.0024627634 |             f
   223 |    22523 |     94 |  0.0027109246 |             f
   224 |    22624 |     95 |  0.0002799917 |             f
   225 |    22725 |     96 |  0.0007401414 |             f
   226 |    22826 |     97 |  0.0010898001 |             f
   227 |    22927 |     96 |  0.0013623227 |             f
   228 |    23028 |     97 |  0.0018087950 |             f
   229 |    23129 |     97 |  0.0018629879 |             f
   230 |    23230 |     90 |  0.0255628565 |         nadir
   231 |    23331 |     89 |  0.0003473837 |             f
   232 |    23432 |     91 |  0.0008084648 |             f
   233 |    23533 |     94 |  0.0014139881 |             f
   234 |    23634 |     95 |  0.0017387071 |             f
   235 |    23735 |     98 |  0.0022722835 |             f
   236 |    23836 |     98 |  0.0023744968 |             f
   237 |    23937 |     98 |  0.0023718166 |             f
   238 |    24038 |     98 |  0.0026588893 |             f
   239 |    24139 |     98 |  0.0004977381 |             f
   240 |    24240 |     98 |  0.0006589941 |             f
   241 |    24341 |     96 |  0.0013098626 |             f
   242 |    24442 |     96 |  0.0016445722 |             f
   243 |    24543 |     96 |  0.0018788595 |             f
   244 |    24644 |     96 |  0.0020607952 |             f
   245 |    24745 |     97 |  0.0022040104 |             f
   246 |    24846 |     98 |  0.0024775288 |             f
   247 |    24947 |     99 |  0.0025879138 |             f
   248 |    25048 |     99 |  0.0002016446 |             f
   249 |    25149 |    100 |  0.0006035883 |             f
   250 |    25250 |    100 |  0.0008510186 |             f
   251 |    25351 |    100 |  0.0010557938 |             f
   252 |    25452 |    100 |  0.0011636331 |             f
   253 |    25553 |    100 |  0.0013042454 |             f
   254 |    25654 |     99 |  0.0013454622 |             f
   255 |    25755 |     99 |  0.0015308486 |             f
   256 |    25856 |     98 |  0.0016305625 |             f
   257 |    25957 |     98 |  0.0017780115 |             f
   258 |    26058 |     99 |  0.0018731848 |             f
   259 |    26159 |     99 |  0.0021261593 |             f
   260 |    26260 |     99 |  0.0021882767 |             f
   261 |    26361 |    100 |  0.0025575462 |             f
   262 |    26462 |    101 |  0.0002350075 |             f
   263 |    26563 |    101 |  0.0003617987 |             f
   264 |    26664 |    101 |  0.0005017764 |             f
   265 |    26765 |    101 |  0.0005608892 |             f
   266 |    26866 |    101 |  0.0008497307 |             f
   267 |    26967 |    101 |  0.0009053095 |             f
   268 |    27068 |    101 |  0.0009751366 |             f
   269 |    27169 |    101 |  0.0010953210 |             f
   270 |    27270 |    101 |  0.0099665153 |         nadir
   271 |    27371 |    100 |  0.0001405011 |             f
   272 |    27472 |    100 |  0.0005506597 |             f
   273 |    27573 |     99 |  0.0008128654 |             f
   274 |    27674 |     99 |  0.0009728087 |             f
   275 |    27775 |     99 |  0.0011281212 |             f
   276 |    27876 |     99 |  0.0013566919 |             f
   277 |    27977 |    101 |  0.0016078280 |             f
   278 |    28078 |    101 |  0.0017355953 |             f
   279 |    28179 |    101 |  0.0019159431 |             f
   280 |    28280 |    101 |  0.0020500390 |             f
   281 |    28381 |    101 |  0.0021375290 |             f
   282 |    28482 |    101 |  0.0021433471 |             f
   283 |    28583 |    101 |  0.0022868855 |             f
   284 |    28684 |    101 |  0.0023926133 |             f
   285 |    28785 |    101 |  0.0024017065 |             f
   286 |    28886 |    101 |  0.0025337119 |             f
   287 |    28987 |    101 |  0.0000657944 |             f
   288 |    29088 |    101 |  0.0001379769 |             f
   289 |    29189 |    101 |  0.0003237877 |             f
   290 |    29290 |    101 |  0.0004162170 |             f
   291 |    29391 |    101 |  0.0004927042 |             f
   292 |    29492 |    101 |  0.0006423896 |             f
   293 |    29593 |    101 |  0.0007723997 |             f
   294 |    29694 |    101 |  0.0009160572 |             f
   295 |    29795 |    101 |  0.0009755378 |             f
   296 |    29896 |    101 |  0.0010400388 |             f
   297 |    29997 |    101 |  0.0010825661 |             f
   298 |    30098 |    101 |  0.0011050926 |             f
   299 |    30199 |    101 |  0.0011318785 |             f
   300 |    30300 |    101 |  0.0011873680 |             f
最优解的目标值：
[[ 35.29681778 769.85333252]
 [ 34.99367905 843.48913574]
 [ 34.76364899 951.93847656]
 [ 35.14193726 800.67321777]
 [ 34.93105316 868.10992432]
 [ 35.34863281 763.85229492]
 [ 35.64195251 743.93280029]
 [ 34.97039413 852.29986572]
 [ 34.74944687 974.87390137]
 [ 35.0865097  814.61376953]
 [ 34.90600586 881.62365723]
 [ 35.32591248 765.97570801]
 [ 35.26668167 775.01593018]
 [ 34.95497513 857.68395996]
 [ 35.0234375  834.07580566]
 [ 35.20563507 786.12750244]
 [ 35.37049103 761.29968262]
 [ 34.77641296 945.39959717]
 [ 35.6623497  742.70074463]
 [ 35.03236771 832.27038574]
 [ 35.73334503 739.82446289]
 [ 35.38202667 760.16796875]
 [ 35.60002518 744.91986084]
 [ 34.87296295 902.71392822]
 [ 34.98561096 847.24481201]
 [ 35.16889572 793.7388916 ]
 [ 35.42939758 755.28704834]
 [ 35.41274643 756.50219727]
 [ 35.24290085 779.12841797]
 [ 34.94629288 860.07098389]
 [ 35.14813232 798.58599854]
 [ 35.05138016 824.86883545]
 [ 35.25778961 776.30377197]
 [ 35.13713074 802.27252197]
 [ 35.11217117 806.89575195]
 [ 36.11048508 730.36657715]
 [ 35.05932999 823.0914917 ]
 [ 35.91412735 736.1986084 ]
 [ 35.1956749  787.43676758]
 [ 35.36149597 762.25671387]
 [ 35.45665359 753.18945312]
 [ 35.40563965 757.70635986]
 [ 36.03504944 732.68511963]
 [ 35.29055023 771.03204346]
 [ 35.16270828 795.30621338]
 [ 35.81379318 737.15740967]
 [ 35.50962067 749.47729492]
 [ 35.97190857 734.47192383]
 [ 35.18414688 790.74645996]
 [ 35.49765396 750.2668457 ]
 [ 35.12159729 804.75695801]
 [ 34.81528473 925.91210938]
 [ 35.03739166 830.12133789]
 [ 34.93872833 864.87744141]
 [ 35.00828171 839.11578369]
 [ 35.44841766 754.32476807]
 [ 35.30635834 768.43841553]
 [ 35.10840607 808.71008301]
 [ 35.27388763 773.77093506]
 [ 35.76502609 738.60229492]
 [ 34.86083603 906.94317627]
 [ 34.89313889 894.80847168]
 [ 34.92445755 874.20428467]
 [ 35.2823143  772.42242432]
 [ 34.91209412 876.13244629]
 [ 35.55141449 747.25579834]
 [ 35.07288361 818.95446777]
 [ 35.39867401 759.20404053]
 [ 34.96297073 855.09423828]
 [ 34.80258179 931.08569336]
 [ 35.21995163 783.40087891]
 [ 35.15462494 796.78546143]
 [ 35.07910919 816.65112305]
 [ 35.22792053 781.79119873]
 [ 35.47806549 751.8581543 ]
 [ 35.04433441 827.00726318]
 [ 35.23664856 780.72583008]
 [ 36.18026352 728.61090088]
 [ 35.00064087 841.01037598]
 [ 36.29692078 726.25378418]
 [ 35.01590729 836.46777344]
 [ 35.25481415 778.23297119]
 [ 34.89842606 886.32025146]
 [ 35.06417465 820.89013672]
 [ 35.2110672  784.83911133]
 [ 34.83797836 915.28765869]
 [ 34.78965378 937.269104  ]
 [ 35.19047165 788.69537354]
 [ 34.97750092 848.8638916 ]
 [ 35.52863693 748.22961426]
 [ 34.84545135 911.43719482]
 [ 35.09980774 810.76123047]
 [ 34.88227844 898.67584229]
 [ 35.70792389 741.48614502]
 [ 35.12726212 803.48486328]
 [ 35.17636108 792.33197021]
 [ 35.31758118 767.2611084 ]
 [ 35.57676697 746.29797363]
 [ 34.82666397 921.10491943]
 [ 35.09490204 812.00823975]
 [ 35.33559418 764.97113037]]
对应的决策变量：
[[5.00865013e-01 7.44534474e-02 4.51425290e-03 ... 5.80861584e-01
  2.06094789e+00 7.41554232e+00]
 [5.00523667e-01 5.92182480e-02 2.75472690e-03 ... 5.81553480e-01
  2.65147436e+00 5.10417839e+00]
 [5.00573383e-01 8.00978596e-02 3.04913898e-03 ... 5.89554201e-01
  2.63971898e+00 5.11453906e+00]
 ...
 [5.07511441e-01 7.99618446e-02 2.59336978e-03 ... 5.80534979e-01
  2.13889869e+00 5.13199380e+00]
 [5.01283207e-01 6.48134823e-02 4.89443594e-03 ... 5.96685959e-01
  2.13578298e+00 6.28375396e+00]
 [5.05502288e-01 7.99832570e-02 4.41618323e-03 ... 5.80133062e-01
  2.12003088e+00 7.49253466e+00]]
